Could not find all LOFAR or related software packages. Could not determine the used software versions.

Antennas removed from the data: NONE
A-Team sources close to the phase reference center: NONE

Amount of flagged solutions per station and solution table:
Station   polalign faraday  bandpass  clock  
CS001HBA0   0.00%    0.00%    0.39%    0.00% 
CS001HBA1   0.00%    0.00%    0.39%    0.00% 
CS002HBA0   0.00%    0.00%    0.39%    0.00% 
CS002HBA1   0.00%    0.00%    0.39%    0.00% 
CS003HBA0   0.00%    0.00%    0.39%    0.00% 
CS003HBA1   0.00%    0.00%    0.39%    0.00% 
CS004HBA0   0.00%    0.00%    0.39%    0.00% 
CS004HBA1   0.00%    0.00%    0.39%    0.00% 
CS005HBA0   0.00%    0.00%    0.39%    0.00% 
CS005HBA1   0.00%    0.00%    0.39%    0.00% 
CS006HBA0   0.00%    0.00%    0.39%    0.00% 
CS006HBA1   0.00%    0.00%    0.39%    0.00% 
CS007HBA0   0.00%    0.00%    0.39%    0.00% 
CS007HBA1   0.00%    0.00%    0.39%    0.00% 
CS011HBA0   0.00%    0.00%    0.39%    0.00% 
CS011HBA1   0.00%    0.00%    0.39%    0.00% 
CS013HBA0   0.00%    0.00%    0.39%    0.00% 
CS013HBA1   0.00%    0.00%    0.39%    0.00% 
CS017HBA0   0.00%    0.00%    0.39%    0.00% 
CS017HBA1   0.00%    0.00%    0.39%    0.00% 
CS021HBA0   0.00%    0.00%    0.39%    0.00% 
CS021HBA1   0.00%    0.00%    0.39%    0.00% 
CS024HBA0   0.00%    0.00%    0.39%    0.00% 
CS024HBA1   0.00%    0.00%    0.39%    0.00% 
CS026HBA0   0.00%    0.00%    0.39%    0.00% 
CS026HBA1   0.00%    0.00%    0.39%    0.00% 
CS028HBA0   0.00%    0.00%    0.39%    0.00% 
CS028HBA1   0.00%    0.00%    0.39%    0.00% 
CS030HBA0   0.00%    0.00%    0.39%    0.00% 
CS030HBA1   0.00%    0.00%    0.39%    0.00% 
CS031HBA0   0.00%    0.00%    0.39%    0.00% 
CS031HBA1   0.00%    0.00%    0.39%    0.00% 
CS032HBA0   0.00%    0.00%    0.39%    0.00% 
CS032HBA1   0.00%    0.00%    0.39%    0.00% 
CS101HBA0   0.00%    0.00%    0.39%    0.00% 
CS101HBA1   0.00%    0.00%    0.39%    0.00% 
CS103HBA0   0.00%    0.00%    0.39%    0.00% 
CS103HBA1   0.00%    0.00%    0.39%    0.00% 
CS201HBA0   0.00%    0.00%    0.39%    0.00% 
CS201HBA1   0.00%    0.00%    0.39%    0.00% 
CS301HBA0   0.00%    0.00%    0.39%    0.00% 
CS301HBA1   0.00%    0.00%    0.39%    0.00% 
CS302HBA0   0.00%    0.00%    0.39%    0.00% 
CS302HBA1   0.00%    0.00%    0.39%    0.00% 
CS401HBA0   0.00%    0.00%    0.39%    0.00% 
CS401HBA1   0.00%    0.00%    0.39%    0.00% 
CS501HBA0   0.00%    0.00%    0.39%    0.00% 
CS501HBA1   0.00%    0.00%    0.39%    0.00% 
DE601HBA    0.00%    0.00%    0.39%    0.00% 
DE602HBA    0.00%    0.00%    0.39%    0.00% 
DE603HBA    0.00%    0.00%    0.39%    0.00% 
DE604HBA    0.00%    0.00%    0.39%    0.00% 
DE605HBA    0.00%    0.00%    0.39%    0.00% 
DE609HBA    0.00%    0.00%    0.39%    0.00% 
FR606HBA    0.00%    0.00%    0.39%    0.00% 
IE613HBA    0.00%    0.00%    0.39%    0.00% 
PL610HBA    0.00%    0.00%    0.39%    0.00% 
PL611HBA    0.00%    0.00%    0.39%    0.00% 
PL612HBA    0.00%    0.00%    0.39%    0.00% 
RS106HBA    0.00%    0.00%    0.39%    0.00% 
RS205HBA    0.00%    0.00%    0.39%    0.00% 
RS208HBA    0.00%    0.00%    0.39%    0.00% 
RS210HBA    0.00%    0.00%    0.39%    0.00% 
RS305HBA    0.00%    0.00%    0.39%    0.00% 
RS306HBA    0.00%    0.00%    0.39%    0.00% 
RS307HBA    0.00%    0.00%    0.39%    0.00% 
RS310HBA    0.00%    0.00%    0.39%    0.00% 
RS406HBA    0.00%    0.00%    0.39%    0.00% 
RS407HBA    0.00%    0.00%    0.39%    0.00% 
RS409HBA    0.00%    0.00%    0.39%    0.00% 
RS503HBA    0.00%    0.00%    0.39%    0.00% 
RS508HBA    0.00%    0.00%    0.39%    0.00% 
RS509HBA    0.00%    0.00%    0.39%    0.00% 
SE607HBA    0.00%    0.00%    0.39%    0.00% 
UK608HBA    0.00%    0.00%    0.39%    0.00% 

Overall amount of flagged data in the final data:
Station  
CS001HBA0      2.76%
CS001HBA1      2.78%
CS002HBA0      3.90%
CS002HBA1      5.99%
CS003HBA0      6.08%
CS003HBA1      2.85%
CS004HBA0      3.33%
CS004HBA1      4.57%
CS005HBA0      4.63%
CS005HBA1      2.84%
CS006HBA0      6.70%
CS006HBA1      3.25%
CS007HBA0      5.01%
CS007HBA1      6.05%
CS011HBA0      3.06%
CS011HBA1      5.92%
CS013HBA0      3.48%
CS013HBA1      3.28%
CS017HBA0      2.58%
CS017HBA1      3.72%
CS021HBA0      3.94%
CS021HBA1      3.59%
CS024HBA0      5.48%
CS024HBA1      5.03%
CS026HBA0      3.43%
CS026HBA1      3.84%
CS028HBA0      3.14%
CS028HBA1      3.10%
CS030HBA0      4.44%
CS030HBA1      4.92%
CS031HBA0      4.81%
CS031HBA1      1.79%
CS032HBA0      5.82%
CS032HBA1      7.06%
CS101HBA0      5.52%
CS101HBA1      5.82%
CS103HBA0      5.09%
CS103HBA1      5.81%
CS201HBA0      3.29%
CS201HBA1      2.31%
CS301HBA0      3.35%
CS301HBA1      4.51%
CS302HBA0      4.01%
CS302HBA1      3.56%
CS401HBA0      3.49%
CS401HBA1      4.33%
CS501HBA0      7.83%
CS501HBA1      8.19%
DE601HBA       0.98%
DE602HBA       0.96%
DE603HBA       1.07%
DE604HBA       1.23%
DE605HBA       1.02%
DE609HBA       2.30%
FR606HBA       1.01%
IE613HBA       1.12%
PL610HBA       1.22%
PL611HBA       1.04%
PL612HBA       1.07%
RS106HBA       1.20%
RS205HBA       1.23%
RS208HBA       1.07%
RS210HBA       1.13%
RS305HBA       1.60%
RS306HBA       1.28%
RS307HBA       1.05%
RS310HBA       1.11%
RS406HBA       1.60%
RS407HBA       2.17%
RS409HBA       3.04%
RS503HBA       6.76%
RS508HBA       1.20%
RS509HBA       1.17%
SE607HBA       1.59%
UK608HBA       1.80%
