Could not find all LOFAR or related software packages. Could not determine the used software versions.

Antennas removed from the data: NONE
A-Team sources close to the phase reference center: NONE

Amount of flagged solutions per station and solution table:
Station   polalign faraday  bandpass  clock  
CS001HBA0   0.00%    0.00%    0.39%    0.00% 
CS001HBA1   0.00%    0.00%    0.39%    0.00% 
CS002HBA0   0.00%    0.00%    0.39%    0.00% 
CS002HBA1   0.00%    0.00%   14.55%    0.00% 
CS003HBA0   0.00%    0.00%    0.39%    0.00% 
CS003HBA1   0.00%    0.00%    0.39%    0.00% 
CS004HBA0   0.00%    0.00%    0.39%    0.00% 
CS004HBA1   0.00%    0.00%    0.39%    0.00% 
CS005HBA0   0.00%    0.00%    0.59%    0.00% 
CS005HBA1   0.00%    0.00%    0.39%    0.00% 
CS006HBA0   0.00%    0.00%   14.16%    0.00% 
CS006HBA1   0.00%    0.00%    0.39%    0.00% 
CS007HBA0   0.00%    0.00%    0.39%    0.00% 
CS007HBA1   0.00%    0.00%    0.39%    0.00% 
CS011HBA0   0.00%    0.00%    0.39%    0.00% 
CS011HBA1   0.00%    0.00%    0.39%    0.00% 
CS013HBA0   0.00%    0.00%    0.39%    0.00% 
CS013HBA1   0.00%    0.00%    0.39%    0.00% 
CS017HBA0   0.00%    0.00%    0.39%    0.00% 
CS017HBA1   0.00%    0.00%    0.39%    0.00% 
CS021HBA0   0.00%    0.00%    0.39%    0.00% 
CS021HBA1   0.00%    0.00%    3.42%    0.00% 
CS024HBA0   0.00%    0.00%    0.39%    0.00% 
CS024HBA1   0.00%    0.00%    0.39%    0.00% 
CS026HBA0   0.00%    0.00%    0.59%    0.00% 
CS026HBA1   0.00%    0.00%    0.83%    0.00% 
CS028HBA0   0.00%    0.00%    0.83%    0.00% 
CS028HBA1   0.00%    0.00%   15.77%    0.00% 
CS030HBA0   0.00%    0.00%    0.39%    0.00% 
CS030HBA1   0.00%    0.00%    0.39%    0.00% 
CS031HBA0   0.00%    0.00%    0.39%    0.00% 
CS031HBA1   0.00%    0.00%    0.39%    0.00% 
CS032HBA0   0.00%    0.00%    7.71%    0.00% 
CS032HBA1   0.00%    0.00%   12.16%    0.00% 
CS101HBA0   0.00%    0.00%    0.39%    0.00% 
CS101HBA1   0.00%    0.00%    0.39%    0.00% 
CS103HBA0   0.00%    0.00%   16.60%    0.00% 
CS103HBA1   0.00%    0.00%   15.58%    0.00% 
CS201HBA0   0.00%    0.00%    0.39%    0.00% 
CS201HBA1   0.00%    0.00%    0.39%    0.00% 
CS301HBA0   0.00%    0.00%    3.42%    0.00% 
CS301HBA1   0.00%    0.00%    0.59%    0.00% 
CS302HBA0   0.00%    0.00%    0.39%    0.00% 
CS302HBA1   0.00%    0.00%    0.39%    0.00% 
CS401HBA0   0.00%    0.00%    2.83%    0.00% 
CS401HBA1   0.00%    0.00%   14.36%    0.00% 
CS501HBA0   0.00%    0.00%   18.21%    0.00% 
CS501HBA1   0.00%    0.00%   14.16%    0.00% 
DE601HBA    0.00%    0.00%    0.39%    0.00% 
DE602HBA    0.00%    0.00%    0.39%    0.00% 
DE603HBA    0.00%    0.00%    0.39%    0.00% 
DE604HBA    0.00%    0.00%    0.39%    0.00% 
DE605HBA    0.00%    0.00%    0.39%    0.00% 
DE609HBA    0.00%    0.00%    0.39%    0.00% 
FR606HBA    0.00%    0.00%    0.39%    0.00% 
IE613HBA    0.00%    0.00%    0.39%    0.00% 
LV614HBA    0.00%    0.00%    0.39%    0.00% 
PL610HBA    0.00%    0.00%    0.39%    0.00% 
PL611HBA    0.00%    0.00%    0.39%    0.00% 
PL612HBA    0.00%    0.00%    0.39%    0.00% 
RS106HBA    0.00%    0.00%    0.39%    0.00% 
RS205HBA    0.00%    0.00%    0.39%    0.00% 
RS208HBA    0.00%    0.00%    0.39%    0.00% 
RS210HBA    0.00%    0.00%    0.39%    0.00% 
RS305HBA    0.00%    0.00%    0.39%    0.00% 
RS306HBA    0.00%    0.00%   21.04%    0.00% 
RS307HBA    0.00%    0.00%    0.39%    0.00% 
RS310HBA    0.00%    0.00%   11.13%    0.00% 
RS406HBA    0.00%    0.00%    8.69%    0.00% 
RS407HBA    0.00%    0.00%   11.52%    0.00% 
RS409HBA    0.00%    0.00%    0.39%    0.00% 
RS503HBA    0.00%    0.00%   11.33%    0.00% 
RS508HBA    0.00%    0.00%    0.39%    0.00% 
RS509HBA    0.00%    0.00%    0.39%    0.00% 
SE607HBA    0.00%    0.00%    0.39%    0.00% 
UK608HBA    0.00%    0.00%    0.39%    0.00% 

Overall amount of flagged data in the final data:
Station  
CS001HBA0      7.47%
CS001HBA1      6.37%
CS002HBA0      6.79%
CS002HBA1     29.28%
CS003HBA0      7.47%
CS003HBA1      7.75%
CS004HBA0      7.76%
CS004HBA1      5.64%
CS005HBA0      6.62%
CS005HBA1      6.96%
CS006HBA0     17.61%
CS006HBA1      6.68%
CS007HBA0      5.92%
CS007HBA1      7.61%
CS011HBA0      6.57%
CS011HBA1      6.60%
CS013HBA0      7.18%
CS013HBA1      6.10%
CS017HBA0      6.04%
CS017HBA1      6.48%
CS021HBA0      6.59%
CS021HBA1      9.33%
CS024HBA0      6.79%
CS024HBA1      7.85%
CS026HBA0      6.81%
CS026HBA1      6.11%
CS028HBA0      5.90%
CS028HBA1     26.08%
CS030HBA0      6.76%
CS030HBA1      7.57%
CS031HBA0      7.50%
CS031HBA1      7.66%
CS032HBA0     17.05%
CS032HBA1     19.12%
CS101HBA0      6.13%
CS101HBA1      6.31%
CS103HBA0     33.03%
CS103HBA1     31.08%
CS201HBA0      6.96%
CS201HBA1      6.48%
CS301HBA0     10.20%
CS301HBA1      6.48%
CS302HBA0      7.23%
CS302HBA1      7.60%
CS401HBA0      8.63%
CS401HBA1     20.73%
CS501HBA0     31.07%
CS501HBA1     28.58%
DE601HBA       5.27%
DE602HBA       5.23%
DE603HBA       5.33%
DE604HBA       5.37%
DE605HBA       5.26%
DE609HBA       6.21%
FR606HBA       5.36%
IE613HBA       5.48%
LV614HBA       5.28%
PL610HBA       5.35%
PL611HBA       5.38%
PL612HBA       5.39%
RS106HBA       5.47%
RS205HBA       5.33%
RS208HBA       5.28%
RS210HBA       5.32%
RS305HBA       6.45%
RS306HBA      28.37%
RS307HBA       5.27%
RS310HBA      15.52%
RS406HBA      18.98%
RS407HBA      25.02%
RS409HBA       6.24%
RS503HBA      13.90%
RS508HBA       5.30%
RS509HBA       5.32%
SE607HBA       5.28%
UK608HBA       7.12%
