Could not find all LOFAR or related software packages. Could not determine the used software versions.

Antennas removed from the data: NONE
A-Team sources close to the phase reference center: NONE

Amount of flagged solutions per station and solution table:
Station   polalign faraday  bandpass  clock  
CS001HBA0   0.00%    0.00%    0.39%    0.00% 
CS001HBA1   0.00%    0.00%    0.39%    0.00% 
CS002HBA0   0.00%    0.00%    0.39%    0.00% 
CS002HBA1   0.00%    0.00%   14.55%    0.00% 
CS003HBA0   0.00%    0.00%    0.39%    0.00% 
CS003HBA1   0.00%    0.00%    0.39%    0.00% 
CS004HBA0   0.00%    0.00%    0.39%    0.00% 
CS004HBA1   0.00%    0.00%    0.39%    0.00% 
CS005HBA0   0.00%    0.00%    0.39%    0.00% 
CS005HBA1   0.00%    0.00%    0.39%    0.00% 
CS006HBA0   0.00%    0.00%    8.89%    0.00% 
CS006HBA1   0.00%    0.00%    0.39%    0.00% 
CS007HBA0   0.00%    0.00%    0.39%    0.00% 
CS007HBA1   0.00%    0.00%    0.39%    0.00% 
CS011HBA0   0.00%    0.00%   12.55%    0.00% 
CS011HBA1   0.00%    0.00%    0.39%    0.00% 
CS013HBA0   0.00%    0.00%    0.39%    0.00% 
CS013HBA1   0.00%    0.00%    0.39%    0.00% 
CS017HBA0   0.00%    0.00%    0.39%    0.00% 
CS017HBA1   0.00%    0.00%    0.39%    0.00% 
CS021HBA0   0.00%    0.00%    0.39%    0.00% 
CS021HBA1   0.00%    0.00%    0.39%    0.00% 
CS024HBA0   0.00%    0.00%    0.39%    0.00% 
CS024HBA1   0.00%    0.00%    0.39%    0.00% 
CS026HBA0   0.00%    0.00%    0.39%    0.00% 
CS026HBA1   0.00%    0.00%    0.39%    0.00% 
CS028HBA0   0.00%    0.00%    0.39%    0.00% 
CS028HBA1   0.00%    0.00%    0.39%    0.00% 
CS030HBA0   0.00%    0.00%    0.39%    0.00% 
CS030HBA1   0.00%    0.00%    0.39%    0.00% 
CS031HBA0   0.00%    0.00%    0.39%    0.00% 
CS031HBA1   0.00%    0.00%    0.39%    0.00% 
CS032HBA0   0.00%    0.00%   16.41%    0.00% 
CS032HBA1   0.00%    0.00%   11.72%    0.00% 
CS101HBA0   0.00%    0.00%    0.39%    0.00% 
CS101HBA1   0.00%    0.00%    0.39%    0.00% 
CS103HBA0   0.00%    0.00%   16.80%    0.00% 
CS103HBA1   0.00%    0.00%   14.79%    0.00% 
CS201HBA0   0.00%    0.00%    0.39%    0.00% 
CS201HBA1   0.00%    0.00%    0.39%    0.00% 
CS301HBA0   0.00%    0.00%    4.05%    0.00% 
CS301HBA1   0.00%    0.00%    3.03%    0.00% 
CS302HBA0   0.00%    0.00%    0.39%    0.00% 
CS302HBA1   0.00%    0.00%    0.39%    0.00% 
CS401HBA0   0.00%    0.00%    0.39%    0.00% 
CS401HBA1   0.00%    0.00%    4.44%    0.00% 
CS501HBA0   0.00%    0.00%   25.29%    0.00% 
CS501HBA1   0.00%    0.00%   20.46%    0.00% 
DE601HBA    0.00%    0.00%    0.39%    0.00% 
DE602HBA    0.00%    0.00%    0.39%    0.00% 
DE603HBA    0.00%    0.00%    0.39%    0.00% 
DE604HBA    0.00%    0.00%    0.39%    0.00% 
DE605HBA    0.00%    0.00%    0.39%    0.00% 
DE609HBA    0.00%    0.00%    0.39%    0.00% 
FR606HBA    0.00%    0.00%    0.39%    0.00% 
IE613HBA    0.00%    0.00%    0.39%    0.00% 
LV614HBA    0.00%    0.68%    0.39%    0.00% 
PL610HBA    0.00%    0.00%    0.39%    0.00% 
PL611HBA    0.00%    0.00%    0.39%    0.00% 
PL612HBA    0.00%    0.00%    0.39%    0.00% 
RS106HBA    0.00%    0.00%    0.39%    0.00% 
RS205HBA    0.00%    0.00%    0.39%    0.00% 
RS208HBA    0.00%    0.00%    0.39%    0.00% 
RS210HBA    0.00%    0.00%    0.39%    0.00% 
RS305HBA    0.00%    0.00%    0.39%    0.00% 
RS306HBA    0.00%    0.00%   18.60%    0.00% 
RS307HBA    0.00%    0.00%    0.39%    0.00% 
RS310HBA    0.00%    0.00%   27.54%    0.00% 
RS406HBA    0.00%    0.00%   16.21%    0.00% 
RS407HBA    0.00%    0.00%   18.21%    0.00% 
RS409HBA    0.00%    0.00%    0.39%    0.00% 
RS503HBA    0.00%    0.00%   23.68%    0.00% 
RS508HBA    0.00%    0.00%    0.39%    0.00% 
RS509HBA    0.00%    0.00%    0.39%    0.00% 
SE607HBA    0.00%    0.00%    0.39%    0.00% 
UK608HBA    0.00%    0.00%    0.39%    0.00% 

Overall amount of flagged data in the final data:
Station  
CS001HBA0      6.44%
CS001HBA1      6.16%
CS002HBA0      6.84%
CS002HBA1     28.79%
CS003HBA0      6.45%
CS003HBA1      6.08%
CS004HBA0      6.44%
CS004HBA1      6.17%
CS005HBA0      6.30%
CS005HBA1      6.25%
CS006HBA0     13.88%
CS006HBA1      7.39%
CS007HBA0      6.20%
CS007HBA1      6.40%
CS011HBA0     25.95%
CS011HBA1      6.30%
CS013HBA0      6.72%
CS013HBA1      6.23%
CS017HBA0      6.01%
CS017HBA1      5.88%
CS021HBA0      6.55%
CS021HBA1      5.95%
CS024HBA0      6.92%
CS024HBA1      7.16%
CS026HBA0      6.25%
CS026HBA1      6.07%
CS028HBA0      6.03%
CS028HBA1      5.89%
CS030HBA0      6.07%
CS030HBA1      6.19%
CS031HBA0      6.58%
CS031HBA1      6.26%
CS032HBA0     20.35%
CS032HBA1     15.23%
CS101HBA0      6.17%
CS101HBA1      6.10%
CS103HBA0     32.64%
CS103HBA1     29.94%
CS201HBA0      6.17%
CS201HBA1      5.91%
CS301HBA0     11.55%
CS301HBA1     10.13%
CS302HBA0      7.15%
CS302HBA1      6.13%
CS401HBA0      6.99%
CS401HBA1      9.41%
CS501HBA0     28.73%
CS501HBA1     28.06%
DE601HBA       6.72%
DE602HBA       5.89%
DE603HBA       5.98%
DE604HBA       6.71%
DE605HBA       7.89%
DE609HBA       6.70%
FR606HBA       5.60%
IE613HBA       5.69%
LV614HBA       6.38%
PL610HBA       6.18%
PL611HBA       5.67%
PL612HBA       5.67%
RS106HBA       6.03%
RS205HBA       5.70%
RS208HBA       5.65%
RS210HBA       5.65%
RS305HBA       6.58%
RS306HBA      36.69%
RS307HBA       5.63%
RS310HBA      31.23%
RS406HBA      21.62%
RS407HBA      36.35%
RS409HBA       6.71%
RS503HBA      26.07%
RS508HBA       5.72%
RS509HBA       5.81%
SE607HBA       5.94%
UK608HBA       8.46%
